  cerrorimagelist.cpp
  EquipRuntime.cpp
  moc_widgetUser.cpp
  LightSource.cpp
LightSource.cpp(75): warning C4267: “参数”: 从“size_t”转换到“int”，可能丢失数据
  myimageshowitem.cpp
  pushLicense.cpp
  widgetUser.cpp
  widget_camera.cpp
  widget_errortype.cpp
  Widget_CarveImage.cpp
  Widget_CarveSetting.cpp
  detectThread.cpp
  clogFile.cpp
  moc_glasswaredetectsystem.cpp
  glasswaredetectsystem.cpp
  widget_image.cpp
  main.cpp
  myQueue.cpp
  Widget_CarveInfo.cpp
  widget_IoSet.cpp
  Generating Code...
  Compiling...
  widget_Management.cpp
  widget_plc.cpp
  Widget_PLCPicture.cpp
  widget_test.cpp
  widget_title.cpp
  Generating Code...
  GlasswareDetectSystem.vcxproj -> E:\GlasswareDetectSystem2\.\runR\GlasswareDetectSystem.exe
