E:\GLASSWAREDETECTSYSTEM2\OBJ\MOC_PUSHLICENSE.OBJ
E:\GLASSWAREDETECTSYSTEM2\OBJ\MOC_MYTABLEVIEW.OBJ
E:\GLASSWAREDETECTSYSTEM2\OBJ\MOC_MYIMAGESHOWITEM.OBJ
E:\GLASSWAREDETECTSYSTEM2\OBJ\MOC_LIGHTSOURCE.OBJ
E:\GLASSWAREDETECTSYSTEM2\OBJ\MOC_EQUIPRUNTIME.OBJ
E:\GLASSWAREDETECTSYSTEM2\OBJ\MOC_DHBASEWIDGET.OBJ
E:\GLASSWAREDETECTSYSTEM2\OBJ\MOC_CMYGRAPHICSVIEW.OBJ
E:\GLASSWAREDETECTSYSTEM2\OBJ\MOC_CLOGFILE.OBJ
E:\GLASSWAREDETECTSYSTEM2\OBJ\MOC_CIOCARD.OBJ
E:\GLASSWAREDETECTSYSTEM2\OBJ\MOC_CERRORIMAGELIST.OBJ
E:\GLASSWAREDETECTSYSTEM2\OBJ\MOC_CAMERASATUSLABEL.OBJ
E:\GLASSWAREDETECTSYSTEM2\OBJ\EQUIPRUNTIME.OBJ
E:\GLASSWAREDETECTSYSTEM2\OBJ\DHBASEWIDGET.OBJ
E:\GLASSWAREDETECTSYSTEM2\OBJ\DATABASE.OBJ
E:\GLASSWAREDETECTSYSTEM2\OBJ\COMBINERESULT.OBJ
E:\GLASSWAREDETECTSYSTEM2\OBJ\CMYGRAPHICSVIEW.OBJ
E:\GLASSWAREDETECTSYSTEM2\OBJ\CMYERRORLIST.OBJ
E:\GLASSWAREDETECTSYSTEM2\OBJ\CIOCARD.OBJ
E:\GLASSWAREDETECTSYSTEM2\OBJ\CERRORIMAGELIST.OBJ
E:\GLASSWAREDETECTSYSTEM2\OBJ\CAMERASATUSLABEL.OBJ
E:\GLASSWAREDETECTSYSTEM2\OBJ\WIDGET_CAMERA.OBJ
E:\GLASSWAREDETECTSYSTEM2\OBJ\WIDGETWARNING.OBJ
E:\GLASSWAREDETECTSYSTEM2\OBJ\WIDGETUSER.OBJ
E:\GLASSWAREDETECTSYSTEM2\OBJ\PUSHLICENSE.OBJ
E:\GLASSWAREDETECTSYSTEM2\OBJ\MYTABLEVIEW.OBJ
E:\GLASSWAREDETECTSYSTEM2\OBJ\MYIMAGESHOWITEM.OBJ
E:\GLASSWAREDETECTSYSTEM2\OBJ\LIGHTSOURCE.OBJ
E:\GLASSWAREDETECTSYSTEM2\OBJ\MOC_WIDGET_TITLE.OBJ
E:\GLASSWAREDETECTSYSTEM2\OBJ\MOC_WIDGET_TEST.OBJ
E:\GLASSWAREDETECTSYSTEM2\OBJ\MOC_WIDGET_PLCPICTURE.OBJ
E:\GLASSWAREDETECTSYSTEM2\OBJ\MOC_WIDGET_PLC.OBJ
E:\GLASSWAREDETECTSYSTEM2\OBJ\MOC_WIDGET_MYCELLWIDGET.OBJ
E:\GLASSWAREDETECTSYSTEM2\OBJ\MOC_WIDGET_MANAGEMENT.OBJ
E:\GLASSWAREDETECTSYSTEM2\OBJ\MOC_WIDGET_IOSET.OBJ
E:\GLASSWAREDETECTSYSTEM2\OBJ\MOC_WIDGET_IMAGE.OBJ
E:\GLASSWAREDETECTSYSTEM2\OBJ\MOC_WIDGET_ERRORTYPE.OBJ
E:\GLASSWAREDETECTSYSTEM2\OBJ\MOC_WIDGET_CARVEIMAGE.OBJ
E:\GLASSWAREDETECTSYSTEM2\OBJ\MOC_WIDGET_CAMERA.OBJ
E:\GLASSWAREDETECTSYSTEM2\OBJ\MOC_WIDGETWARNING.OBJ
E:\GLASSWAREDETECTSYSTEM2\OBJ\MOC_WIDGETUSER.OBJ
E:\GLASSWAREDETECTSYSTEM2\OBJ\STATETOOL.OBJ
E:\GLASSWAREDETECTSYSTEM2\OBJ\WIDGET_MYCELLWIDGET.OBJ
E:\GLASSWAREDETECTSYSTEM2\OBJ\WIDGET_MANAGEMENT.OBJ
E:\GLASSWAREDETECTSYSTEM2\OBJ\WIDGET_IOSET.OBJ
E:\GLASSWAREDETECTSYSTEM2\OBJ\WIDGET_CARVEINFO.OBJ
E:\GLASSWAREDETECTSYSTEM2\OBJ\PUSHBUTTON.OBJ
E:\GLASSWAREDETECTSYSTEM2\OBJ\MYQUEUE.OBJ
E:\GLASSWAREDETECTSYSTEM2\OBJ\MAIN.OBJ
E:\GLASSWAREDETECTSYSTEM2\OBJ\WIDGET_IMAGE.OBJ
E:\GLASSWAREDETECTSYSTEM2\OBJ\GLASSWAREDETECTSYSTEM.OBJ
E:\GLASSWAREDETECTSYSTEM2\OBJ\MOC_WIDGET_CARVESETTING.OBJ
E:\GLASSWAREDETECTSYSTEM2\OBJ\MOC_WIDGET_CARVEINFO.OBJ
E:\GLASSWAREDETECTSYSTEM2\OBJ\MOC_PUSHBUTTON.OBJ
E:\GLASSWAREDETECTSYSTEM2\OBJ\MOC_GLASSWAREDETECTSYSTEM.OBJ
E:\GLASSWAREDETECTSYSTEM2\OBJ\MOC_DETECTTHREAD.OBJ
E:\GLASSWAREDETECTSYSTEM2\OBJ\CLOGFILE.OBJ
E:\GLASSWAREDETECTSYSTEM2\OBJ\DETECTTHREAD.OBJ
E:\GLASSWAREDETECTSYSTEM2\OBJ\WIDGET_CARVESETTING.OBJ
E:\GLASSWAREDETECTSYSTEM2\OBJ\WIDGET_CARVEIMAGE.OBJ
E:\GLASSWAREDETECTSYSTEM2\OBJ\WIDGET_ERRORTYPE.OBJ
E:\GLASSWAREDETECTSYSTEM2\OBJ\WIDGET_TITLE.OBJ
E:\GLASSWAREDETECTSYSTEM2\OBJ\WIDGET_TEST.OBJ
E:\GLASSWAREDETECTSYSTEM2\OBJ\WIDGET_PLCPICTURE.OBJ
E:\GLASSWAREDETECTSYSTEM2\OBJ\WIDGET_PLC.OBJ
E:\GLASSWAREDETECTSYSTEM2\OBJ\TOOLBUTTON.OBJ
E:\GLASSWAREDETECTSYSTEM2\OBJ\VC100.PDB
E:\GLASSWAREDETECTSYSTEM2\OBJ\QRC_GLASSWAREDETECTSYSTEM.OBJ
E:\GLASSWAREDETECTSYSTEM2\GENERATEDFILES\RELEASE\MOC_GLASSWAREDETECTSYSTEM.CPP
E:\GLASSWAREDETECTSYSTEM2\GENERATEDFILES\QRC_GLASSWAREDETECTSYSTEM.CPP
E:\GLASSWAREDETECTSYSTEM2\GENERATEDFILES\RELEASE\MOC_WIDGET_CAMERA.CPP
E:\GLASSWAREDETECTSYSTEM2\GENERATEDFILES\RELEASE\MOC_WIDGET_ERRORTYPE.CPP
E:\GLASSWAREDETECTSYSTEM2\GENERATEDFILES\RELEASE\MOC_WIDGET_TITLE.CPP
E:\GLASSWAREDETECTSYSTEM2\GENERATEDFILES\RELEASE\MOC_WIDGET_MYCELLWIDGET.CPP
E:\GLASSWAREDETECTSYSTEM2\GENERATEDFILES\RELEASE\MOC_CMYGRAPHICSVIEW.CPP
E:\GLASSWAREDETECTSYSTEM2\GENERATEDFILES\RELEASE\MOC_DHBASEWIDGET.CPP
E:\GLASSWAREDETECTSYSTEM2\GENERATEDFILES\RELEASE\MOC_CAMERASATUSLABEL.CPP
E:\GLASSWAREDETECTSYSTEM2\GENERATEDFILES\RELEASE\MOC_CERRORIMAGELIST.CPP
E:\GLASSWAREDETECTSYSTEM2\GENERATEDFILES\RELEASE\MOC_MYIMAGESHOWITEM.CPP
E:\GLASSWAREDETECTSYSTEM2\GENERATEDFILES\RELEASE\MOC_MYTABLEVIEW.CPP
E:\GLASSWAREDETECTSYSTEM2\GENERATEDFILES\RELEASE\MOC_WIDGET_MANAGEMENT.CPP
E:\GLASSWAREDETECTSYSTEM2\GENERATEDFILES\RELEASE\MOC_WIDGET_CARVEIMAGE.CPP
E:\GLASSWAREDETECTSYSTEM2\GENERATEDFILES\RELEASE\MOC_WIDGET_CARVEINFO.CPP
E:\GLASSWAREDETECTSYSTEM2\GENERATEDFILES\RELEASE\MOC_DETECTTHREAD.CPP
E:\GLASSWAREDETECTSYSTEM2\GENERATEDFILES\RELEASE\MOC_CIOCARD.CPP
E:\GLASSWAREDETECTSYSTEM2\GENERATEDFILES\RELEASE\MOC_CLOGFILE.CPP
E:\GLASSWAREDETECTSYSTEM2\GENERATEDFILES\RELEASE\MOC_WIDGET_CARVESETTING.CPP
E:\GLASSWAREDETECTSYSTEM2\GENERATEDFILES\RELEASE\MOC_PUSHBUTTON.CPP
E:\GLASSWAREDETECTSYSTEM2\GENERATEDFILES\RELEASE\MOC_WIDGET_IMAGE.CPP
E:\GLASSWAREDETECTSYSTEM2\GENERATEDFILES\UI_IMAGE_WIDGET.H
E:\GLASSWAREDETECTSYSTEM2\GENERATEDFILES\UI_WIDGET_CARVEINFO.H
E:\GLASSWAREDETECTSYSTEM2\GENERATEDFILES\UI_WIDGET_MANAGEMENT.H
E:\GLASSWAREDETECTSYSTEM2\GENERATEDFILES\UI_WIDGET_TEST.H
E:\GLASSWAREDETECTSYSTEM2\GENERATEDFILES\RELEASE\MOC_EQUIPRUNTIME.CPP
E:\GLASSWAREDETECTSYSTEM2\GENERATEDFILES\RELEASE\MOC_PUSHLICENSE.CPP
E:\GLASSWAREDETECTSYSTEM2\GENERATEDFILES\RELEASE\MOC_WIDGET_PLC.CPP
E:\GLASSWAREDETECTSYSTEM2\GENERATEDFILES\UI_WIDGET_PLC.H
E:\GLASSWAREDETECTSYSTEM2\GENERATEDFILES\UI_LIGHTSOURCE.H
E:\GLASSWAREDETECTSYSTEM2\GENERATEDFILES\RELEASE\MOC_WIDGETWARNING.CPP
E:\GLASSWAREDETECTSYSTEM2\GENERATEDFILES\RELEASE\MOC_LIGHTSOURCE.CPP
E:\GLASSWAREDETECTSYSTEM2\GENERATEDFILES\UI_USERWIDGET.H
E:\GLASSWAREDETECTSYSTEM2\GENERATEDFILES\RELEASE\MOC_WIDGETUSER.CPP
E:\GLASSWAREDETECTSYSTEM2\GENERATEDFILES\UI_IOWIDGET.H
E:\GLASSWAREDETECTSYSTEM2\GENERATEDFILES\RELEASE\MOC_WIDGET_PLCPICTURE.CPP
E:\GLASSWAREDETECTSYSTEM2\GENERATEDFILES\RELEASE\MOC_WIDGET_IOSET.CPP
E:\GLASSWAREDETECTSYSTEM2\GENERATEDFILES\RELEASE\MOC_WIDGET_TEST.CPP
E:\GlasswareDetectSystem2\runR\GlasswareDetectSystem.lib
E:\GlasswareDetectSystem2\runR\GlasswareDetectSystem.exp
E:\GLASSWAREDETECTSYSTEM2\RUNR\GLASSWAREDETECTSYSTEM.ILK
E:\GLASSWAREDETECTSYSTEM2\RUNR\GLASSWAREDETECTSYSTEM.EXE
E:\GLASSWAREDETECTSYSTEM2\OBJ\GLASSWAREDETECTSYSTEM.EXE.INTERMEDIATE.MANIFEST
E:\GLASSWAREDETECTSYSTEM2\RUNR\GLASSWAREDETECTSYSTEM.PDB
E:\GLASSWAREDETECTSYSTEM2\RUNR\GLASSWAREDETECTSYSTEM.EXE.MANIFEST
E:\GLASSWAREDETECTSYSTEM2\OBJ\GLASSWAREDETECTSYSTEM.RES
E:\GlasswareDetectSystem2\obj\camerasatuslabel.obj
E:\GlasswareDetectSystem2\obj\cerrorimagelist.obj
E:\GlasswareDetectSystem2\obj\CIOCard.obj
E:\GlasswareDetectSystem2\obj\clogFile.obj
E:\GlasswareDetectSystem2\obj\cmyerrorlist.obj
E:\GlasswareDetectSystem2\obj\cmygraphicsview.obj
E:\GlasswareDetectSystem2\obj\CombineResult.obj
E:\GlasswareDetectSystem2\obj\database.obj
E:\GlasswareDetectSystem2\obj\detectThread.obj
E:\GlasswareDetectSystem2\obj\dhbasewidget.obj
E:\GlasswareDetectSystem2\obj\EquipRuntime.obj
E:\GlasswareDetectSystem2\obj\glasswaredetectsystem.obj
E:\GlasswareDetectSystem2\obj\LightSource.obj
E:\GlasswareDetectSystem2\obj\main.obj
E:\GlasswareDetectSystem2\obj\moc_camerasatuslabel.obj
E:\GlasswareDetectSystem2\obj\moc_cerrorimagelist.obj
E:\GlasswareDetectSystem2\obj\moc_CIOCard.obj
E:\GlasswareDetectSystem2\obj\moc_clogFile.obj
E:\GlasswareDetectSystem2\obj\moc_cmygraphicsview.obj
E:\GlasswareDetectSystem2\obj\moc_detectThread.obj
E:\GlasswareDetectSystem2\obj\moc_dhbasewidget.obj
E:\GlasswareDetectSystem2\obj\moc_EquipRuntime.obj
E:\GlasswareDetectSystem2\obj\moc_glasswaredetectsystem.obj
E:\GlasswareDetectSystem2\obj\moc_LightSource.obj
E:\GlasswareDetectSystem2\obj\moc_myimageshowitem.obj
E:\GlasswareDetectSystem2\obj\moc_mytableview.obj
E:\GlasswareDetectSystem2\obj\moc_pushButton.obj
E:\GlasswareDetectSystem2\obj\moc_pushLicense.obj
E:\GlasswareDetectSystem2\obj\moc_widgetUser.obj
E:\GlasswareDetectSystem2\obj\moc_widgetwarning.obj
E:\GlasswareDetectSystem2\obj\moc_widget_camera.obj
E:\GlasswareDetectSystem2\obj\moc_Widget_CarveImage.obj
E:\GlasswareDetectSystem2\obj\moc_Widget_CarveInfo.obj
E:\GlasswareDetectSystem2\obj\moc_Widget_CarveSetting.obj
E:\GlasswareDetectSystem2\obj\moc_widget_errortype.obj
E:\GlasswareDetectSystem2\obj\moc_widget_image.obj
E:\GlasswareDetectSystem2\obj\moc_widget_IoSet.obj
E:\GlasswareDetectSystem2\obj\moc_widget_Management.obj
E:\GlasswareDetectSystem2\obj\moc_widget_mycellwidget.obj
E:\GlasswareDetectSystem2\obj\moc_widget_plc.obj
E:\GlasswareDetectSystem2\obj\moc_Widget_PLCPicture.obj
E:\GlasswareDetectSystem2\obj\moc_widget_test.obj
E:\GlasswareDetectSystem2\obj\moc_widget_title.obj
E:\GlasswareDetectSystem2\obj\myimageshowitem.obj
E:\GlasswareDetectSystem2\obj\myQueue.obj
E:\GlasswareDetectSystem2\obj\mytableview.obj
E:\GlasswareDetectSystem2\obj\pushButton.obj
E:\GlasswareDetectSystem2\obj\pushLicense.obj
E:\GlasswareDetectSystem2\obj\qrc_glasswaredetectsystem.obj
E:\GlasswareDetectSystem2\obj\stateTool.obj
E:\GlasswareDetectSystem2\obj\toolButton.obj
E:\GlasswareDetectSystem2\obj\widgetUser.obj
E:\GlasswareDetectSystem2\obj\widgetwarning.obj
E:\GlasswareDetectSystem2\obj\widget_camera.obj
E:\GlasswareDetectSystem2\obj\Widget_CarveImage.obj
E:\GlasswareDetectSystem2\obj\Widget_CarveInfo.obj
E:\GlasswareDetectSystem2\obj\Widget_CarveSetting.obj
E:\GlasswareDetectSystem2\obj\widget_errortype.obj
E:\GlasswareDetectSystem2\obj\widget_image.obj
E:\GlasswareDetectSystem2\obj\widget_IoSet.obj
E:\GlasswareDetectSystem2\obj\widget_Management.obj
E:\GlasswareDetectSystem2\obj\widget_mycellwidget.obj
E:\GlasswareDetectSystem2\obj\widget_plc.obj
E:\GlasswareDetectSystem2\obj\Widget_PLCPicture.obj
E:\GlasswareDetectSystem2\obj\widget_test.obj
E:\GlasswareDetectSystem2\obj\widget_title.obj
E:\GlasswareDetectSystem2\obj\cl.command.1.tlog
E:\GlasswareDetectSystem2\obj\CL.read.1.tlog
E:\GlasswareDetectSystem2\obj\CL.write.1.tlog
E:\GlasswareDetectSystem2\obj\custombuild.command.1.tlog
E:\GlasswareDetectSystem2\obj\custombuild.read.1.tlog
E:\GlasswareDetectSystem2\obj\custombuild.write.1.tlog
E:\GlasswareDetectSystem2\obj\GlasswareDetectSystem.write.1.tlog
E:\GlasswareDetectSystem2\obj\link-cvtres.read.1.tlog
E:\GlasswareDetectSystem2\obj\link-cvtres.write.1.tlog
E:\GlasswareDetectSystem2\obj\link.17820-cvtres.read.1.tlog
E:\GlasswareDetectSystem2\obj\link.17820-cvtres.write.1.tlog
E:\GlasswareDetectSystem2\obj\link.17820.read.1.tlog
E:\GlasswareDetectSystem2\obj\link.17820.write.1.tlog
E:\GlasswareDetectSystem2\obj\link.20400-cvtres.read.1.tlog
E:\GlasswareDetectSystem2\obj\link.20400-cvtres.write.1.tlog
E:\GlasswareDetectSystem2\obj\link.20400.read.1.tlog
E:\GlasswareDetectSystem2\obj\link.20400.write.1.tlog
E:\GlasswareDetectSystem2\obj\link.7508-cvtres.read.1.tlog
E:\GlasswareDetectSystem2\obj\link.7508-cvtres.write.1.tlog
E:\GlasswareDetectSystem2\obj\link.7508.read.1.tlog
E:\GlasswareDetectSystem2\obj\link.7508.write.1.tlog
E:\GlasswareDetectSystem2\obj\link.command.1.tlog
E:\GlasswareDetectSystem2\obj\link.read.1.tlog
E:\GlasswareDetectSystem2\obj\link.write.1.tlog
E:\GlasswareDetectSystem2\obj\mt.command.1.tlog
E:\GlasswareDetectSystem2\obj\mt.read.1.tlog
E:\GlasswareDetectSystem2\obj\mt.write.1.tlog
E:\GlasswareDetectSystem2\obj\rc.command.1.tlog
E:\GlasswareDetectSystem2\obj\rc.read.1.tlog
E:\GlasswareDetectSystem2\obj\rc.write.1.tlog
E:\GlasswareDetectSystem2\obj\GlasswareDetectSystem.exe.intermediate.manifest
E:\GlasswareDetectSystem2\obj\GlasswareDetectSystem.res
E:\GlasswareDetectSystem2\obj\vc100.pdb
E:\GlasswareDetectSystem2\.\runR\GlasswareDetectSystem.exe.manifest
E:\GlasswareDetectSystem2\.\runR\GlasswareDetectSystem.exe
